<?xml version="1.0" encoding="UTF-8" ?>
<testsuite failures="0" time="0.02" errors="0" skipped="1" tests="1" name="uk.ac.manchester.cs.img.esc.ExampleActivityTest">
  <properties>
    <property name="java.runtime.name" value="Java(TM) SE Runtime Environment"/>
    <property name="sun.boot.library.path" value="/Library/Java/JavaVirtualMachines/1.7.0.jdk/Contents/Home/jre/lib"/>
    <property name="java.vm.version" value="23.0-b21"/>
    <property name="user.country.format" value="GB"/>
    <property name="gopherProxySet" value="false"/>
    <property name="java.vm.vendor" value="Oracle Corporation"/>
    <property name="java.vendor.url" value="http://java.oracle.com/"/>
    <property name="path.separator" value=":"/>
    <property name="java.vm.name" value="Java HotSpot(TM) 64-Bit Server VM"/>
    <property name="file.encoding.pkg" value="sun.io"/>
    <property name="user.country" value="US"/>
    <property name="sun.java.launcher" value="SUN_STANDARD"/>
    <property name="sun.os.patch.level" value="unknown"/>
    <property name="java.vm.specification.name" value="Java Virtual Machine Specification"/>
    <property name="user.dir" value="/Users/xiyuzuo/Documents/workspace/esc/esc-activity"/>
    <property name="java.runtime.version" value="1.7.0_04-b20"/>
    <property name="java.awt.graphicsenv" value="sun.awt.CGraphicsEnvironment"/>
    <property name="basedir" value="/Users/xiyuzuo/Documents/workspace/esc/esc-activity"/>
    <property name="java.endorsed.dirs" value="/Library/Java/JavaVirtualMachines/1.7.0.jdk/Contents/Home/jre/lib/endorsed"/>
    <property name="os.arch" value="x86_64"/>
    <property name="surefire.real.class.path" value="/Users/xiyuzuo/Documents/workspace/esc/esc-activity/target/surefire/surefirebooter6168074628050658455.jar"/>
    <property name="java.io.tmpdir" value="/var/folders/nn/6ks3qfkx3lqfn2lhdz_fmb6h0000gn/T/"/>
    <property name="line.separator" value="
"/>
    <property name="java.vm.specification.vendor" value="Oracle Corporation"/>
    <property name="os.name" value="Mac OS X"/>
    <property name="sun.jnu.encoding" value="US-ASCII"/>
    <property name="java.library.path" value="/Users/xiyuzuo/Library/Java/Extensions:/Library/Java/Extensions:/Network/Library/Java/Extensions:/System/Library/Java/Extensions:/usr/lib/java:."/>
    <property name="surefire.test.class.path" value="/Users/xiyuzuo/Documents/workspace/esc/esc-activity/target/test-classes:/Users/xiyuzuo/Documents/workspace/esc/esc-activity/target/classes:/Users/xiyuzuo/.m2/repository/net/sf/taverna/t2/core/workflowmodel-api/1.2/workflowmodel-api-1.2.jar:/Users/xiyuzuo/.m2/repository/net/sf/taverna/t2/core/reference-api/1.2/reference-api-1.2.jar:/Users/xiyuzuo/.m2/repository/org/springframework/spring-tx/2.5.4/spring-tx-2.5.4.jar:/Users/xiyuzuo/.m2/repository/commons-logging/commons-logging/1.1.1/commons-logging-1.1.1.jar:/Users/xiyuzuo/.m2/repository/org/springframework/spring-beans/2.5.4/spring-beans-2.5.4.jar:/Users/xiyuzuo/.m2/repository/org/springframework/spring-core/2.5.4/spring-core-2.5.4.jar:/Users/xiyuzuo/.m2/repository/org/springframework/spring-context/2.5.4/spring-context-2.5.4.jar:/Users/xiyuzuo/.m2/repository/aopalliance/aopalliance/1.0/aopalliance-1.0.jar:/Users/xiyuzuo/.m2/repository/net/sf/taverna/t2/infrastructure/spi-discovery-api/2.2/spi-discovery-api-2.2.jar:/Users/xiyuzuo/.m2/repository/net/sf/taverna/t2/lang/observer/1.1/observer-1.1.jar:/Users/xiyuzuo/.m2/repository/log4j/log4j/1.2.13/log4j-1.2.13.jar:/Users/xiyuzuo/.m2/repository/net/sf/taverna/t2/infrastructure/raven/2.2/raven-2.2.jar:/Users/xiyuzuo/.m2/repository/net/sf/taverna/t2/infrastructure/raven-log4j/2.2/raven-log4j-2.2.jar:/Users/xiyuzuo/.m2/repository/net/sf/taverna/t2/infrastructure/appconfig/2.2/appconfig-2.2.jar:/Users/xiyuzuo/.m2/repository/net/sf/taverna/t2/infrastructure/launcher-api/2.2/launcher-api-2.2.jar:/Users/xiyuzuo/.m2/repository/net/sf/taverna/t2/infrastructure/prelauncher/2.2/prelauncher-2.2.jar:/Users/xiyuzuo/.m2/repository/jdom/jdom/1.0/jdom-1.0.jar:/Users/xiyuzuo/.m2/repository/net/sf/taverna/t2/security/credential-manager/1.2/credential-manager-1.2.jar:/Users/xiyuzuo/.m2/repository/bouncycastle/bcprov-jdk15/140/bcprov-jdk15-140.jar:/Users/xiyuzuo/.m2/repository/com/connexience/api-interface/2.3/api-interface-2.3.jar:/Users/xiyuzuo/.m2/repository/com/connexience/server-common/2.3/server-common-2.3.jar:/Users/xiyuzuo/.m2/repository/axis/axis-wsdl4j/1.5.1/axis-wsdl4j-1.5.1.jar:/Users/xiyuzuo/.m2/repository/org/apache/axis/axis/1.4/axis-1.4.jar:/Users/xiyuzuo/.m2/repository/org/apache/axis/axis-jaxrpc/1.4/axis-jaxrpc-1.4.jar:/Users/xiyuzuo/.m2/repository/org/apache/axis/axis-saaj/1.4/axis-saaj-1.4.jar:/Users/xiyuzuo/.m2/repository/commons-lang/commons-lang/2.4/commons-lang-2.4.jar:/Users/xiyuzuo/.m2/repository/commons-httpclient/commons-httpclient/3.1/commons-httpclient-3.1.jar:/Users/xiyuzuo/.m2/repository/commons-codec/commons-codec/1.2/commons-codec-1.2.jar:/Users/xiyuzuo/.m2/repository/net/java/dev/jets3t/jets3t/0.8.1/jets3t-0.8.1.jar:/Users/xiyuzuo/.m2/repository/com/jamesmurty/utils/java-xmlbuilder/0.4/java-xmlbuilder-0.4.jar:/Users/xiyuzuo/.m2/repository/org/json/json/20070829/json-20070829.jar:/Users/xiyuzuo/.m2/repository/net/sf/taverna/t2/activities/activity-test-utils/1.2/activity-test-utils-1.2.jar:/Users/xiyuzuo/.m2/repository/net/sf/taverna/t2/core/workflowmodel-impl/1.2/workflowmodel-impl-1.2.jar:/Users/xiyuzuo/.m2/repository/com/thoughtworks/xstream/xstream/1.2.1/xstream-1.2.1.jar:/Users/xiyuzuo/.m2/repository/xpp3/xpp3_min/1.1.3.4.O/xpp3_min-1.1.3.4.O.jar:/Users/xiyuzuo/.m2/repository/net/sf/taverna/t2/core/reference-impl/1.2/reference-impl-1.2.jar:/Users/xiyuzuo/.m2/repository/org/hibernate/hibernate/3.2.5.ga.raven/hibernate-3.2.5.ga.raven.jar:/Users/xiyuzuo/.m2/repository/dom4j/dom4j/1.6.1/dom4j-1.6.1.jar:/Users/xiyuzuo/.m2/repository/cglib/cglib/2.1_3/cglib-2.1_3.jar:/Users/xiyuzuo/.m2/repository/asm/asm/1.5.3/asm-1.5.3.jar:/Users/xiyuzuo/.m2/repository/commons-collections/commons-collections/2.1.1/commons-collections-2.1.1.jar:/Users/xiyuzuo/.m2/repository/geronimo-spec/geronimo-spec-jta/1.0-M1/geronimo-spec-jta-1.0-M1.jar:/Users/xiyuzuo/.m2/repository/org/springframework/spring-orm/2.5.4/spring-orm-2.5.4.jar:/Users/xiyuzuo/.m2/repository/org/springframework/spring-aop/2.5.4/spring-aop-2.5.4.jar:/Users/xiyuzuo/.m2/repository/org/springframework/spring-jdbc/2.5.4/spring-jdbc-2.5.4.jar:/Users/xiyuzuo/.m2/repository/org/aspectj/aspectjrt/1.6.0/aspectjrt-1.6.0.jar:/Users/xiyuzuo/.m2/repository/org/aspectj/aspectjweaver/1.6.0/aspectjweaver-1.6.0.jar:/Users/xiyuzuo/.m2/repository/antlr/antlr/2.7.7/antlr-2.7.7.jar:/Users/xiyuzuo/.m2/repository/net/sf/taverna/t2/core/reference-core-extensions/1.2/reference-core-extensions-1.2.jar:/Users/xiyuzuo/.m2/repository/junit/junit/4.4/junit-4.4.jar:"/>
    <property name="java.specification.name" value="Java Platform API Specification"/>
    <property name="java.class.version" value="51.0"/>
    <property name="sun.management.compiler" value="HotSpot 64-Bit Tiered Compilers"/>
    <property name="os.version" value="10.7.4"/>
    <property name="user.home" value="/Users/xiyuzuo"/>
    <property name="user.timezone" value=""/>
    <property name="java.awt.printerjob" value="sun.lwawt.macosx.CPrinterJob"/>
    <property name="java.specification.version" value="1.7"/>
    <property name="file.encoding" value="US-ASCII"/>
    <property name="user.name" value="xiyuzuo"/>
    <property name="java.class.path" value="/Users/xiyuzuo/Documents/workspace/esc/esc-activity/target/test-classes:/Users/xiyuzuo/Documents/workspace/esc/esc-activity/target/classes:/Users/xiyuzuo/.m2/repository/net/sf/taverna/t2/core/workflowmodel-api/1.2/workflowmodel-api-1.2.jar:/Users/xiyuzuo/.m2/repository/net/sf/taverna/t2/core/reference-api/1.2/reference-api-1.2.jar:/Users/xiyuzuo/.m2/repository/org/springframework/spring-tx/2.5.4/spring-tx-2.5.4.jar:/Users/xiyuzuo/.m2/repository/commons-logging/commons-logging/1.1.1/commons-logging-1.1.1.jar:/Users/xiyuzuo/.m2/repository/org/springframework/spring-beans/2.5.4/spring-beans-2.5.4.jar:/Users/xiyuzuo/.m2/repository/org/springframework/spring-core/2.5.4/spring-core-2.5.4.jar:/Users/xiyuzuo/.m2/repository/org/springframework/spring-context/2.5.4/spring-context-2.5.4.jar:/Users/xiyuzuo/.m2/repository/aopalliance/aopalliance/1.0/aopalliance-1.0.jar:/Users/xiyuzuo/.m2/repository/net/sf/taverna/t2/infrastructure/spi-discovery-api/2.2/spi-discovery-api-2.2.jar:/Users/xiyuzuo/.m2/repository/net/sf/taverna/t2/lang/observer/1.1/observer-1.1.jar:/Users/xiyuzuo/.m2/repository/log4j/log4j/1.2.13/log4j-1.2.13.jar:/Users/xiyuzuo/.m2/repository/net/sf/taverna/t2/infrastructure/raven/2.2/raven-2.2.jar:/Users/xiyuzuo/.m2/repository/net/sf/taverna/t2/infrastructure/raven-log4j/2.2/raven-log4j-2.2.jar:/Users/xiyuzuo/.m2/repository/net/sf/taverna/t2/infrastructure/appconfig/2.2/appconfig-2.2.jar:/Users/xiyuzuo/.m2/repository/net/sf/taverna/t2/infrastructure/launcher-api/2.2/launcher-api-2.2.jar:/Users/xiyuzuo/.m2/repository/net/sf/taverna/t2/infrastructure/prelauncher/2.2/prelauncher-2.2.jar:/Users/xiyuzuo/.m2/repository/jdom/jdom/1.0/jdom-1.0.jar:/Users/xiyuzuo/.m2/repository/net/sf/taverna/t2/security/credential-manager/1.2/credential-manager-1.2.jar:/Users/xiyuzuo/.m2/repository/bouncycastle/bcprov-jdk15/140/bcprov-jdk15-140.jar:/Users/xiyuzuo/.m2/repository/com/connexience/api-interface/2.3/api-interface-2.3.jar:/Users/xiyuzuo/.m2/repository/com/connexience/server-common/2.3/server-common-2.3.jar:/Users/xiyuzuo/.m2/repository/axis/axis-wsdl4j/1.5.1/axis-wsdl4j-1.5.1.jar:/Users/xiyuzuo/.m2/repository/org/apache/axis/axis/1.4/axis-1.4.jar:/Users/xiyuzuo/.m2/repository/org/apache/axis/axis-jaxrpc/1.4/axis-jaxrpc-1.4.jar:/Users/xiyuzuo/.m2/repository/org/apache/axis/axis-saaj/1.4/axis-saaj-1.4.jar:/Users/xiyuzuo/.m2/repository/commons-lang/commons-lang/2.4/commons-lang-2.4.jar:/Users/xiyuzuo/.m2/repository/commons-httpclient/commons-httpclient/3.1/commons-httpclient-3.1.jar:/Users/xiyuzuo/.m2/repository/commons-codec/commons-codec/1.2/commons-codec-1.2.jar:/Users/xiyuzuo/.m2/repository/net/java/dev/jets3t/jets3t/0.8.1/jets3t-0.8.1.jar:/Users/xiyuzuo/.m2/repository/com/jamesmurty/utils/java-xmlbuilder/0.4/java-xmlbuilder-0.4.jar:/Users/xiyuzuo/.m2/repository/org/json/json/20070829/json-20070829.jar:/Users/xiyuzuo/.m2/repository/net/sf/taverna/t2/activities/activity-test-utils/1.2/activity-test-utils-1.2.jar:/Users/xiyuzuo/.m2/repository/net/sf/taverna/t2/core/workflowmodel-impl/1.2/workflowmodel-impl-1.2.jar:/Users/xiyuzuo/.m2/repository/com/thoughtworks/xstream/xstream/1.2.1/xstream-1.2.1.jar:/Users/xiyuzuo/.m2/repository/xpp3/xpp3_min/1.1.3.4.O/xpp3_min-1.1.3.4.O.jar:/Users/xiyuzuo/.m2/repository/net/sf/taverna/t2/core/reference-impl/1.2/reference-impl-1.2.jar:/Users/xiyuzuo/.m2/repository/org/hibernate/hibernate/3.2.5.ga.raven/hibernate-3.2.5.ga.raven.jar:/Users/xiyuzuo/.m2/repository/dom4j/dom4j/1.6.1/dom4j-1.6.1.jar:/Users/xiyuzuo/.m2/repository/cglib/cglib/2.1_3/cglib-2.1_3.jar:/Users/xiyuzuo/.m2/repository/asm/asm/1.5.3/asm-1.5.3.jar:/Users/xiyuzuo/.m2/repository/commons-collections/commons-collections/2.1.1/commons-collections-2.1.1.jar:/Users/xiyuzuo/.m2/repository/geronimo-spec/geronimo-spec-jta/1.0-M1/geronimo-spec-jta-1.0-M1.jar:/Users/xiyuzuo/.m2/repository/org/springframework/spring-orm/2.5.4/spring-orm-2.5.4.jar:/Users/xiyuzuo/.m2/repository/org/springframework/spring-aop/2.5.4/spring-aop-2.5.4.jar:/Users/xiyuzuo/.m2/repository/org/springframework/spring-jdbc/2.5.4/spring-jdbc-2.5.4.jar:/Users/xiyuzuo/.m2/repository/org/aspectj/aspectjrt/1.6.0/aspectjrt-1.6.0.jar:/Users/xiyuzuo/.m2/repository/org/aspectj/aspectjweaver/1.6.0/aspectjweaver-1.6.0.jar:/Users/xiyuzuo/.m2/repository/antlr/antlr/2.7.7/antlr-2.7.7.jar:/Users/xiyuzuo/.m2/repository/net/sf/taverna/t2/core/reference-core-extensions/1.2/reference-core-extensions-1.2.jar:/Users/xiyuzuo/.m2/repository/junit/junit/4.4/junit-4.4.jar:"/>
    <property name="java.vm.specification.version" value="1.7"/>
    <property name="sun.arch.data.model" value="64"/>
    <property name="java.home" value="/Library/Java/JavaVirtualMachines/1.7.0.jdk/Contents/Home/jre"/>
    <property name="sun.java.command" value="/Users/xiyuzuo/Documents/workspace/esc/esc-activity/target/surefire/surefirebooter6168074628050658455.jar /Users/xiyuzuo/Documents/workspace/esc/esc-activity/target/surefire/surefire1957088116194870954tmp /Users/xiyuzuo/Documents/workspace/esc/esc-activity/target/surefire/surefire5795322458796736656tmp"/>
    <property name="java.specification.vendor" value="Oracle Corporation"/>
    <property name="user.language" value="en"/>
    <property name="awt.toolkit" value="sun.lwawt.macosx.LWCToolkit"/>
    <property name="java.vm.info" value="mixed mode"/>
    <property name="java.version" value="1.7.0_04"/>
    <property name="java.ext.dirs" value="/Users/xiyuzuo/Library/Java/Extensions:/Library/Java/JavaVirtualMachines/1.7.0.jdk/Contents/Home/jre/lib/ext:/Library/Java/Extensions:/Network/Library/Java/Extensions:/System/Library/Java/Extensions:/usr/lib/java"/>
    <property name="sun.boot.class.path" value="/Library/Java/JavaVirtualMachines/1.7.0.jdk/Contents/Home/jre/lib/resources.jar:/Library/Java/JavaVirtualMachines/1.7.0.jdk/Contents/Home/jre/lib/rt.jar:/Library/Java/JavaVirtualMachines/1.7.0.jdk/Contents/Home/jre/lib/sunrsasign.jar:/Library/Java/JavaVirtualMachines/1.7.0.jdk/Contents/Home/jre/lib/jsse.jar:/Library/Java/JavaVirtualMachines/1.7.0.jdk/Contents/Home/jre/lib/jce.jar:/Library/Java/JavaVirtualMachines/1.7.0.jdk/Contents/Home/jre/lib/charsets.jar:/Library/Java/JavaVirtualMachines/1.7.0.jdk/Contents/Home/jre/lib/jfr.jar:/Library/Java/JavaVirtualMachines/1.7.0.jdk/Contents/Home/jre/lib/JObjC.jar:/Library/Java/JavaVirtualMachines/1.7.0.jdk/Contents/Home/jre/classes"/>
    <property name="java.vendor" value="Oracle Corporation"/>
    <property name="java.awt.headless" value="true"/>
    <property name="localRepository" value="/Users/xiyuzuo/.m2/repository"/>
    <property name="file.separator" value="/"/>
    <property name="java.vendor.url.bug" value="http://bugreport.sun.com/bugreport/"/>
    <property name="sun.cpu.endian" value="little"/>
    <property name="sun.io.unicode.encoding" value="UnicodeBig"/>
    <property name="sun.cpu.isalist" value=""/>
  </properties>
  <testcase time="0" classname="uk.ac.manchester.cs.img.esc.ExampleActivityTest" name="uk.ac.manchester.cs.img.esc.ExampleActivityTest">
    <skipped/>
  </testcase>
</testsuite>